0 info it worked if it ends with ok
1 verbose cli [ '/usr/local/bin/node', '/usr/local/bin/npm', 'publish' ]
2 info using npm@3.10.8
3 info using node@v7.0.0
4 verbose publish [ '.' ]
5 silly cache add args [ '.', null ]
6 verbose cache add spec .
7 silly cache add parsed spec Result {
7 silly cache add   raw: '.',
7 silly cache add   scope: null,
7 silly cache add   escapedName: null,
7 silly cache add   name: null,
7 silly cache add   rawSpec: '.',
7 silly cache add   spec: '/Users/saravieira/Projects/Flexy',
7 silly cache add   type: 'directory' }
8 verbose addLocalDirectory /Users/saravieira/.npm/flexy-grid/0.0.1/package.tgz not in flight; packing
9 verbose correctMkdir /Users/saravieira/.npm correctMkdir not in flight; initializing
10 info lifecycle flexy-grid@0.0.1~prepublish: flexy-grid@0.0.1
11 silly lifecycle flexy-grid@0.0.1~prepublish: no script for prepublish, continuing
12 verbose tar pack [ '/Users/saravieira/.npm/flexy-grid/0.0.1/package.tgz',
12 verbose tar pack   '/Users/saravieira/Projects/Flexy' ]
13 verbose tarball /Users/saravieira/.npm/flexy-grid/0.0.1/package.tgz
14 verbose folder /Users/saravieira/Projects/Flexy
15 verbose addLocalTarball adding from inside cache /Users/saravieira/.npm/flexy-grid/0.0.1/package.tgz
16 verbose correctMkdir /Users/saravieira/.npm correctMkdir not in flight; initializing
17 silly cache afterAdd flexy-grid@0.0.1
18 verbose afterAdd /Users/saravieira/.npm/flexy-grid/0.0.1/package/package.json not in flight; writing
19 verbose correctMkdir /Users/saravieira/.npm correctMkdir not in flight; initializing
20 verbose afterAdd /Users/saravieira/.npm/flexy-grid/0.0.1/package/package.json written
21 silly publish { name: 'flexy-grid',
21 silly publish   version: '0.0.1',
21 silly publish   description: 'A simple yet customizable flexbox grid',
21 silly publish   main: 'index.js',
21 silly publish   scripts: { less: 'gulp less' },
21 silly publish   repository:
21 silly publish    { type: 'git',
21 silly publish      url: 'git+https://github.com/SaraVieira/Flexy.git' },
21 silly publish   keywords: [ 'css', 'flexbox', 'grid' ],
21 silly publish   author: { name: 'Sara Vieira' },
21 silly publish   license: 'ISC',
21 silly publish   bugs: { url: 'https://github.com/SaraVieira/Flexy/issues' },
21 silly publish   homepage: 'https://github.com/SaraVieira/Flexy#readme',
21 silly publish   devDependencies:
21 silly publish    { autoprefixer: '^6.6.1',
21 silly publish      cssnano: '^3.10.0',
21 silly publish      gulp: '^3.9.1',
21 silly publish      'gulp-less': '^3.3.0',
21 silly publish      'gulp-postcss': '^6.2.0' },
21 silly publish   readme: '# Flexy\nA simple yet customisable flexbox grid\n',
21 silly publish   readmeFilename: 'README.md',
21 silly publish   gitHead: '22c41ca4eebdce6a0bb539feeb7cfa819e08efa5',
21 silly publish   _id: 'flexy-grid@0.0.1',
21 silly publish   _shasum: 'ffb79e4e931c62386bf62f7cb7732442554f61f3',
21 silly publish   _from: '.' }
22 verbose getPublishConfig undefined
23 silly mapToRegistry name flexy-grid
24 silly mapToRegistry using default registry
25 silly mapToRegistry registry https://registry.npmjs.org/
26 silly mapToRegistry data Result {
26 silly mapToRegistry   raw: 'flexy-grid',
26 silly mapToRegistry   scope: null,
26 silly mapToRegistry   escapedName: 'flexy-grid',
26 silly mapToRegistry   name: 'flexy-grid',
26 silly mapToRegistry   rawSpec: '',
26 silly mapToRegistry   spec: 'latest',
26 silly mapToRegistry   type: 'tag' }
27 silly mapToRegistry uri https://registry.npmjs.org/flexy-grid
28 verbose publish registryBase https://registry.npmjs.org/
29 silly publish uploading /Users/saravieira/.npm/flexy-grid/0.0.1/package.tgz
30 verbose request uri https://registry.npmjs.org/flexy-grid
31 verbose request sending authorization for write operation
32 info attempt registry request try #1 at 8:53:13 PM
33 verbose request using bearer token for auth
34 verbose request id 1c7e260a394cd400
35 http request PUT https://registry.npmjs.org/flexy-grid
36 http 403 https://registry.npmjs.org/flexy-grid
37 verbose headers { 'content-type': 'application/json',
37 verbose headers   'cache-control': 'max-age=300',
37 verbose headers   'content-length': '104',
37 verbose headers   'accept-ranges': 'bytes',
37 verbose headers   date: 'Fri, 20 Jan 2017 20:51:35 GMT',
37 verbose headers   via: '1.1 varnish',
37 verbose headers   connection: 'keep-alive',
37 verbose headers   'x-served-by': 'cache-cdg8722-CDG',
37 verbose headers   'x-cache': 'MISS',
37 verbose headers   'x-cache-hits': '0',
37 verbose headers   'x-timer': 'S1484945494.931136,VS0,VE653',
37 verbose headers   vary: 'Accept-Encoding' }
38 verbose request invalidating /Users/saravieira/.npm/registry.npmjs.org/flexy-grid on PUT
39 error publish Failed PUT 403
40 verbose stack Error: you do not have permission to publish "flexy-grid". Are you logged in as the correct user? : flexy-grid
40 verbose stack     at makeError (/usr/local/lib/node_modules/npm/node_modules/npm-registry-client/lib/request.js:302:12)
40 verbose stack     at CachingRegistryClient.<anonymous> (/usr/local/lib/node_modules/npm/node_modules/npm-registry-client/lib/request.js:290:14)
40 verbose stack     at Request._callback (/usr/local/lib/node_modules/npm/node_modules/npm-registry-client/lib/request.js:210:14)
40 verbose stack     at Request.self.callback (/usr/local/lib/node_modules/npm/node_modules/request/request.js:187:22)
40 verbose stack     at emitTwo (events.js:106:13)
40 verbose stack     at Request.emit (events.js:191:7)
40 verbose stack     at Request.<anonymous> (/usr/local/lib/node_modules/npm/node_modules/request/request.js:1044:10)
40 verbose stack     at emitOne (events.js:96:13)
40 verbose stack     at Request.emit (events.js:188:7)
40 verbose stack     at IncomingMessage.<anonymous> (/usr/local/lib/node_modules/npm/node_modules/request/request.js:965:12)
41 verbose statusCode 403
42 verbose pkgid flexy-grid
43 verbose cwd /Users/saravieira/Projects/Flexy
44 error Darwin 15.6.0
45 error argv "/usr/local/bin/node" "/usr/local/bin/npm" "publish"
46 error node v7.0.0
47 error npm  v3.10.8
48 error code E403
49 error you do not have permission to publish "flexy-grid". Are you logged in as the correct user? : flexy-grid
50 error If you need help, you may report this error at:
50 error     <https://github.com/npm/npm/issues>
51 verbose exit [ 1, true ]
